Connecting to database specified by database.yml
Connecting to database specified by database.yml
Connecting to database specified by database.yml
Connecting to database specified by database.yml
Connecting to database specified by database.yml
Connecting to database specified by database.yml
  [1m[36m (0.1ms)[0m  [1mselect sqlite_version(*)[0m
  [1m[35m (118.4ms)[0m  CREATE TABLE "schema_migrations" ("version" varchar(255) NOT NULL) 
  [1m[36m (109.2ms)[0m  [1mCREATE UNIQUE INDEX "unique_schema_migrations" ON "schema_migrations" ("version")[0m
  [1m[35m (0.1ms)[0m  SELECT "schema_migrations"."version" FROM "schema_migrations" 
Migrating to DeviseCreateNerdzUsers (20150303033536)
  [1m[36m (0.0ms)[0m  [1mbegin transaction[0m
  [1m[35m (0.4ms)[0m  CREATE TABLE "nerdz_users" ("id" INTEGER PRIMARY KEY AUTOINCREMENT NOT NULL, "email" varchar(255) DEFAULT '' NOT NULL, "encrypted_password" varchar(255) DEFAULT '' NOT NULL, "reset_password_token" varchar(255), "reset_password_sent_at" datetime, "remember_created_at" datetime, "sign_in_count" integer DEFAULT 0 NOT NULL, "current_sign_in_at" datetime, "last_sign_in_at" datetime, "current_sign_in_ip" varchar(255), "last_sign_in_ip" varchar(255), "created_at" datetime NOT NULL, "updated_at" datetime NOT NULL) 
  [1m[36m (0.2ms)[0m  [1mCREATE UNIQUE INDEX "index_nerdz_users_on_email" ON "nerdz_users" ("email")[0m
  [1m[35m (0.1ms)[0m  CREATE UNIQUE INDEX "index_nerdz_users_on_reset_password_token" ON "nerdz_users" ("reset_password_token")
  [1m[36mNerdz::User Exists (0.1ms)[0m  [1mSELECT 1 AS one FROM "nerdz_users" WHERE "nerdz_users"."email" = 'admin@example.com' LIMIT 1[0m
  [1m[35mNerdz::User Exists (0.1ms)[0m  SELECT 1 AS one FROM "nerdz_users" WHERE "nerdz_users"."email" = 'admin@example.com' LIMIT 1
Binary data inserted for `string` type on column `encrypted_password`
  [1m[36mSQL (0.8ms)[0m  [1mINSERT INTO "nerdz_users" ("created_at", "current_sign_in_at", "current_sign_in_ip", "email", "encrypted_password", "last_sign_in_at", "last_sign_in_ip", "remember_created_at", "reset_password_sent_at", "reset_password_token", "sign_in_count", "updated_at") VALUES (?, ?, ?, ?, ?, ?, ?, ?, ?, ?, ?, ?)[0m  [["created_at", Tue, 03 Mar 2015 04:36:13 UTC +00:00], ["current_sign_in_at", nil], ["current_sign_in_ip", nil], ["email", "admin@example.com"], ["encrypted_password", "$2a$10$uAdc35XkgrmReDz/ECQUqO.z0A0HBSEqGVhNzQx5PYGeAzAJOKX3C"], ["last_sign_in_at", nil], ["last_sign_in_ip", nil], ["remember_created_at", nil], ["reset_password_sent_at", nil], ["reset_password_token", nil], ["sign_in_count", 0], ["updated_at", Tue, 03 Mar 2015 04:36:13 UTC +00:00]]
  [1m[35m (0.1ms)[0m  INSERT INTO "schema_migrations" ("version") VALUES ('20150303033536')
  [1m[36m (101.4ms)[0m  [1mcommit transaction[0m
Migrating to CreateActiveAdminComments (20150303033537)
  [1m[35m (0.0ms)[0m  begin transaction
  [1m[36m (0.3ms)[0m  [1mCREATE TABLE "active_admin_comments" ("id" INTEGER PRIMARY KEY AUTOINCREMENT NOT NULL, "namespace" varchar(255), "body" text, "resource_id" varchar(255) NOT NULL, "resource_type" varchar(255) NOT NULL, "author_id" integer, "author_type" varchar(255), "created_at" datetime NOT NULL, "updated_at" datetime NOT NULL) [0m
  [1m[35m (0.2ms)[0m  CREATE INDEX "index_active_admin_comments_on_namespace" ON "active_admin_comments" ("namespace")
  [1m[36m (0.1ms)[0m  [1mCREATE INDEX "index_active_admin_comments_on_author_type_and_author_id" ON "active_admin_comments" ("author_type", "author_id")[0m
  [1m[35m (0.2ms)[0m  CREATE INDEX "index_active_admin_comments_on_resource_type_and_resource_id" ON "active_admin_comments" ("resource_type", "resource_id")
  [1m[36m (0.1ms)[0m  [1mINSERT INTO "schema_migrations" ("version") VALUES ('20150303033537')[0m
  [1m[35m (116.1ms)[0m  commit transaction
Migrating to AddDeviseToNerdzUsers (20150303034010)
  [1m[36m (0.1ms)[0m  [1mbegin transaction[0m
  [1m[35m (0.2ms)[0m  ALTER TABLE "nerdz_users" ADD "email" varchar(255) DEFAULT '' NOT NULL
SQLite3::SQLException: duplicate column name: email: ALTER TABLE "nerdz_users" ADD "email" varchar(255) DEFAULT '' NOT NULL
  [1m[36m (0.1ms)[0m  [1mrollback transaction[0m
Connecting to database specified by database.yml
Connecting to database specified by database.yml
  [1m[36m (0.1ms)[0m  [1mSELECT "schema_migrations"."version" FROM "schema_migrations" [0m
Migrating to DeviseCreateNerdzUsers (20150303033536)
Migrating to CreateActiveAdminComments (20150303033537)
Migrating to AddDeviseToNerdzUsers (20150303034010)
  [1m[35m (0.0ms)[0m  select sqlite_version(*)
  [1m[36m (0.1ms)[0m  [1mbegin transaction[0m
  [1m[35m (0.1ms)[0m  ALTER TABLE "nerdz_users" ADD "email" varchar(255) DEFAULT '' NOT NULL
SQLite3::SQLException: duplicate column name: email: ALTER TABLE "nerdz_users" ADD "email" varchar(255) DEFAULT '' NOT NULL
  [1m[36m (0.0ms)[0m  [1mrollback transaction[0m
Connecting to database specified by database.yml
  [1m[36m (0.1ms)[0m  [1mSELECT "schema_migrations"."version" FROM "schema_migrations" [0m
  [1m[35m (0.1ms)[0m  SELECT "schema_migrations"."version" FROM "schema_migrations" 
Migrating to CreateActiveAdminComments (20150303033537)
  [1m[36m (0.0ms)[0m  [1mselect sqlite_version(*)[0m
  [1m[35m (0.0ms)[0m  begin transaction
  [1m[36m (0.3ms)[0m  [1mDROP TABLE "active_admin_comments"[0m
  [1m[35m (0.1ms)[0m  DELETE FROM "schema_migrations" WHERE "schema_migrations"."version" = '20150303033537'
  [1m[36m (139.7ms)[0m  [1mcommit transaction[0m
  [1m[35m (0.1ms)[0m  SELECT "schema_migrations"."version" FROM "schema_migrations" 
Connecting to database specified by database.yml
  [1m[36m (0.1ms)[0m  [1mSELECT "schema_migrations"."version" FROM "schema_migrations" [0m
Migrating to DeviseCreateNerdzUsers (20150303033536)
Migrating to CreateActiveAdminComments (20150303033537)
  [1m[35m (0.0ms)[0m  select sqlite_version(*)
  [1m[36m (0.0ms)[0m  [1mbegin transaction[0m
  [1m[35m (0.3ms)[0m  CREATE TABLE "active_admin_comments" ("id" INTEGER PRIMARY KEY AUTOINCREMENT NOT NULL, "namespace" varchar(255), "body" text, "resource_id" varchar(255) NOT NULL, "resource_type" varchar(255) NOT NULL, "author_id" integer, "author_type" varchar(255), "created_at" datetime NOT NULL, "updated_at" datetime NOT NULL) 
  [1m[36m (0.1ms)[0m  [1mCREATE INDEX "index_active_admin_comments_on_namespace" ON "active_admin_comments" ("namespace")[0m
  [1m[35m (0.1ms)[0m  CREATE INDEX "index_active_admin_comments_on_author_type_and_author_id" ON "active_admin_comments" ("author_type", "author_id")
  [1m[36m (0.1ms)[0m  [1mCREATE INDEX "index_active_admin_comments_on_resource_type_and_resource_id" ON "active_admin_comments" ("resource_type", "resource_id")[0m
  [1m[35m (0.1ms)[0m  INSERT INTO "schema_migrations" ("version") VALUES ('20150303033537')
  [1m[36m (167.0ms)[0m  [1mcommit transaction[0m
Migrating to AddDeviseToNerdzUsers (20150303034010)
  [1m[35m (0.0ms)[0m  begin transaction
  [1m[36m (0.1ms)[0m  [1mALTER TABLE "nerdz_users" ADD "email" varchar(255) DEFAULT '' NOT NULL[0m
SQLite3::SQLException: duplicate column name: email: ALTER TABLE "nerdz_users" ADD "email" varchar(255) DEFAULT '' NOT NULL
  [1m[35m (0.0ms)[0m  rollback transaction
Connecting to database specified by database.yml
  [1m[36m (0.1ms)[0m  [1mSELECT "schema_migrations"."version" FROM "schema_migrations" [0m
  [1m[35m (0.1ms)[0m  SELECT "schema_migrations"."version" FROM "schema_migrations" 
Migrating to CreateActiveAdminComments (20150303033537)
  [1m[36m (0.0ms)[0m  [1mselect sqlite_version(*)[0m
  [1m[35m (0.0ms)[0m  begin transaction
  [1m[36m (0.4ms)[0m  [1mDROP TABLE "active_admin_comments"[0m
  [1m[35m (0.1ms)[0m  DELETE FROM "schema_migrations" WHERE "schema_migrations"."version" = '20150303033537'
  [1m[36m (126.1ms)[0m  [1mcommit transaction[0m
  [1m[35m (0.1ms)[0m  SELECT "schema_migrations"."version" FROM "schema_migrations" 
Connecting to database specified by database.yml
  [1m[36m (0.1ms)[0m  [1mSELECT "schema_migrations"."version" FROM "schema_migrations" [0m
Migrating to AddDeviseToNerdzAdminUsers (20150303044623)
  [1m[35m (0.0ms)[0m  select sqlite_version(*)
  [1m[36m (0.0ms)[0m  [1mbegin transaction[0m
  [1m[35m (0.1ms)[0m  ALTER TABLE "nerdz_admin_users" ADD "email" varchar(255) DEFAULT '' NOT NULL
SQLite3::SQLException: no such table: nerdz_admin_users: ALTER TABLE "nerdz_admin_users" ADD "email" varchar(255) DEFAULT '' NOT NULL
  [1m[36m (0.0ms)[0m  [1mrollback transaction[0m
Connecting to database specified by database.yml
  [1m[36m (0.1ms)[0m  [1mSELECT "schema_migrations"."version" FROM "schema_migrations" [0m
  [1m[35m (0.0ms)[0m  select sqlite_version(*)
  [1m[36m (0.1ms)[0m  [1mSELECT "schema_migrations"."version" FROM "schema_migrations" [0m
Connecting to database specified by database.yml
  [1m[36m (0.1ms)[0m  [1mSELECT "schema_migrations"."version" FROM "schema_migrations" [0m
  [1m[35m (0.1ms)[0m  select sqlite_version(*)
  [1m[36m (0.1ms)[0m  [1mSELECT "schema_migrations"."version" FROM "schema_migrations" [0m
Connecting to database specified by database.yml
  [1m[36m (0.1ms)[0m  [1mSELECT "schema_migrations"."version" FROM "schema_migrations" [0m
  [1m[35m (0.1ms)[0m  select sqlite_version(*)
  [1m[36m (0.1ms)[0m  [1mSELECT "schema_migrations"."version" FROM "schema_migrations" [0m
Connecting to database specified by database.yml
  [1m[36m (0.2ms)[0m  [1mselect sqlite_version(*)[0m
  [1m[35m (202.5ms)[0m  CREATE TABLE "nerdz_users" ("id" INTEGER PRIMARY KEY AUTOINCREMENT NOT NULL, "email" varchar(255) DEFAULT '' NOT NULL, "encrypted_password" varchar(255) DEFAULT '' NOT NULL, "reset_password_token" varchar(255), "reset_password_sent_at" datetime, "remember_created_at" datetime, "sign_in_count" integer DEFAULT 0 NOT NULL, "current_sign_in_at" datetime, "last_sign_in_at" datetime, "current_sign_in_ip" varchar(255), "last_sign_in_ip" varchar(255), "created_at" datetime NOT NULL, "updated_at" datetime NOT NULL) 
  [1m[36m (144.1ms)[0m  [1mCREATE UNIQUE INDEX "index_nerdz_users_on_email" ON "nerdz_users" ("email")[0m
  [1m[35m (156.1ms)[0m  CREATE UNIQUE INDEX "index_nerdz_users_on_reset_password_token" ON "nerdz_users" ("reset_password_token")
  [1m[36m (132.0ms)[0m  [1mCREATE TABLE "schema_migrations" ("version" varchar(255) NOT NULL) [0m
  [1m[35m (156.3ms)[0m  CREATE UNIQUE INDEX "unique_schema_migrations" ON "schema_migrations" ("version")
  [1m[36m (0.1ms)[0m  [1mSELECT version FROM "schema_migrations"[0m
  [1m[35m (155.9ms)[0m  INSERT INTO "schema_migrations" (version) VALUES ('20150303033536')
  [1m[36m (0.1ms)[0m  [1mSELECT "schema_migrations"."version" FROM "schema_migrations" [0m
Connecting to database specified by database.yml
  [1m[36m (0.1ms)[0m  [1mSELECT "schema_migrations"."version" FROM "schema_migrations" [0m
Migrating to AddDeviseToNerdzAdminUsers (20150303044623)
  [1m[35m (0.0ms)[0m  select sqlite_version(*)
  [1m[36m (0.0ms)[0m  [1mbegin transaction[0m
  [1m[35m (0.2ms)[0m  ALTER TABLE "nerdz_admin_users" ADD "email" varchar(255) DEFAULT '' NOT NULL
SQLite3::SQLException: no such table: nerdz_admin_users: ALTER TABLE "nerdz_admin_users" ADD "email" varchar(255) DEFAULT '' NOT NULL
  [1m[36m (0.0ms)[0m  [1mrollback transaction[0m
Connecting to database specified by database.yml
  [1m[36m (0.1ms)[0m  [1mselect sqlite_version(*)[0m
  [1m[35m (125.7ms)[0m  CREATE TABLE "schema_migrations" ("version" varchar(255) NOT NULL) 
  [1m[36m (132.2ms)[0m  [1mCREATE UNIQUE INDEX "unique_schema_migrations" ON "schema_migrations" ("version")[0m
  [1m[35m (0.1ms)[0m  SELECT "schema_migrations"."version" FROM "schema_migrations" 
Migrating to AddDeviseToNerdzAdminUsers (20150303045903)
  [1m[36m (0.0ms)[0m  [1mbegin transaction[0m
  [1m[35m (0.1ms)[0m  ALTER TABLE "nerdz_admin_users" ADD "email" varchar(255) DEFAULT '' NOT NULL
SQLite3::SQLException: no such table: nerdz_admin_users: ALTER TABLE "nerdz_admin_users" ADD "email" varchar(255) DEFAULT '' NOT NULL
  [1m[36m (0.0ms)[0m  [1mrollback transaction[0m
Connecting to database specified by database.yml
  [1m[36m (0.1ms)[0m  [1mSELECT "schema_migrations"."version" FROM "schema_migrations" [0m
Migrating to AddDeviseToNerdzAdminUsers (20150303045903)
  [1m[35m (0.0ms)[0m  select sqlite_version(*)
  [1m[36m (0.0ms)[0m  [1mbegin transaction[0m
  [1m[35m (0.1ms)[0m  ALTER TABLE "nerdz_admin_users" ADD "email" varchar(255) DEFAULT '' NOT NULL
SQLite3::SQLException: no such table: nerdz_admin_users: ALTER TABLE "nerdz_admin_users" ADD "email" varchar(255) DEFAULT '' NOT NULL
  [1m[36m (0.0ms)[0m  [1mrollback transaction[0m
Connecting to database specified by database.yml
  [1m[36m (0.1ms)[0m  [1mSELECT "schema_migrations"."version" FROM "schema_migrations" [0m
Migrating to AddDeviseToNerdzAdminUsers (20150303062031)
  [1m[35m (0.0ms)[0m  select sqlite_version(*)
  [1m[36m (0.0ms)[0m  [1mbegin transaction[0m
  [1m[35m (0.1ms)[0m  ALTER TABLE "nerdz_admin_users" ADD "email" varchar(255) DEFAULT '' NOT NULL
SQLite3::SQLException: no such table: nerdz_admin_users: ALTER TABLE "nerdz_admin_users" ADD "email" varchar(255) DEFAULT '' NOT NULL
  [1m[36m (0.0ms)[0m  [1mrollback transaction[0m
Connecting to database specified by database.yml
Connecting to database specified by database.yml
  [1m[36m (0.1ms)[0m  [1mSELECT "schema_migrations"."version" FROM "schema_migrations" [0m
Migrating to AddDeviseToNerdzAdminUsers (20150303062153)
  [1m[35m (0.0ms)[0m  select sqlite_version(*)
  [1m[36m (0.0ms)[0m  [1mbegin transaction[0m
  [1m[35m (0.1ms)[0m  ALTER TABLE "nerdz_admin_users" ADD "email" varchar(255) DEFAULT '' NOT NULL
SQLite3::SQLException: no such table: nerdz_admin_users: ALTER TABLE "nerdz_admin_users" ADD "email" varchar(255) DEFAULT '' NOT NULL
  [1m[36m (0.0ms)[0m  [1mrollback transaction[0m
Connecting to database specified by database.yml
Connecting to database specified by database.yml
Connecting to database specified by database.yml
Connecting to database specified by database.yml
Connecting to database specified by database.yml
Connecting to database specified by database.yml
  [1m[36m (0.1ms)[0m  [1mSELECT "schema_migrations"."version" FROM "schema_migrations" [0m
Migrating to DeviseCreateNerdzAdminUsers (20150303064705)
  [1m[35m (0.0ms)[0m  select sqlite_version(*)
  [1m[36m (0.0ms)[0m  [1mbegin transaction[0m
  [1m[35m (0.3ms)[0m  CREATE TABLE "nerdz_admin_users" ("id" INTEGER PRIMARY KEY AUTOINCREMENT NOT NULL, "email" varchar(255) DEFAULT '' NOT NULL, "encrypted_password" varchar(255) DEFAULT '' NOT NULL, "reset_password_token" varchar(255), "reset_password_sent_at" datetime, "remember_created_at" datetime, "sign_in_count" integer DEFAULT 0 NOT NULL, "current_sign_in_at" datetime, "last_sign_in_at" datetime, "current_sign_in_ip" varchar(255), "last_sign_in_ip" varchar(255), "created_at" datetime NOT NULL, "updated_at" datetime NOT NULL) 
  [1m[36m (0.2ms)[0m  [1mCREATE UNIQUE INDEX "index_nerdz_admin_users_on_email" ON "nerdz_admin_users" ("email")[0m
  [1m[35m (0.1ms)[0m  CREATE UNIQUE INDEX "index_nerdz_admin_users_on_reset_password_token" ON "nerdz_admin_users" ("reset_password_token")
  [1m[36mNerdz::AdminUser Exists (0.1ms)[0m  [1mSELECT 1 AS one FROM "nerdz_admin_users" WHERE "nerdz_admin_users"."email" = 'admin@example.com' LIMIT 1[0m
Binary data inserted for `string` type on column `encrypted_password`
  [1m[35mSQL (0.7ms)[0m  INSERT INTO "nerdz_admin_users" ("created_at", "current_sign_in_at", "current_sign_in_ip", "email", "encrypted_password", "last_sign_in_at", "last_sign_in_ip", "remember_created_at", "reset_password_sent_at", "reset_password_token", "sign_in_count", "updated_at") VALUES (?, ?, ?, ?, ?, ?, ?, ?, ?, ?, ?, ?)  [["created_at", Tue, 03 Mar 2015 06:57:19 UTC +00:00], ["current_sign_in_at", nil], ["current_sign_in_ip", nil], ["email", "admin@example.com"], ["encrypted_password", "$2a$10$HK52oV.ryawvXiyjrzV/ZOCBHvX28XSoCiUrE.S9gtvd8GT.la.nC"], ["last_sign_in_at", nil], ["last_sign_in_ip", nil], ["remember_created_at", nil], ["reset_password_sent_at", nil], ["reset_password_token", nil], ["sign_in_count", 0], ["updated_at", Tue, 03 Mar 2015 06:57:19 UTC +00:00]]
  [1m[36m (0.1ms)[0m  [1mINSERT INTO "schema_migrations" ("version") VALUES ('20150303064705')[0m
  [1m[35m (140.4ms)[0m  commit transaction
Migrating to CreateActiveAdminComments (20150303064706)
  [1m[36m (0.0ms)[0m  [1mbegin transaction[0m
  [1m[35m (0.2ms)[0m  CREATE TABLE "active_admin_comments" ("id" INTEGER PRIMARY KEY AUTOINCREMENT NOT NULL, "namespace" varchar(255), "body" text, "resource_id" varchar(255) NOT NULL, "resource_type" varchar(255) NOT NULL, "author_id" integer, "author_type" varchar(255), "created_at" datetime NOT NULL, "updated_at" datetime NOT NULL) 
  [1m[36m (0.1ms)[0m  [1mCREATE INDEX "index_active_admin_comments_on_namespace" ON "active_admin_comments" ("namespace")[0m
  [1m[35m (0.1ms)[0m  CREATE INDEX "index_active_admin_comments_on_author_type_and_author_id" ON "active_admin_comments" ("author_type", "author_id")
  [1m[36m (0.1ms)[0m  [1mCREATE INDEX "index_active_admin_comments_on_resource_type_and_resource_id" ON "active_admin_comments" ("resource_type", "resource_id")[0m
  [1m[35m (0.1ms)[0m  INSERT INTO "schema_migrations" ("version") VALUES ('20150303064706')
  [1m[36m (140.7ms)[0m  [1mcommit transaction[0m
  [1m[35m (0.1ms)[0m  SELECT "schema_migrations"."version" FROM "schema_migrations" 
Connecting to database specified by database.yml
Connecting to database specified by database.yml
  [1m[36m (0.0ms)[0m  [1mselect sqlite_version(*)[0m
  [1m[35m (0.1ms)[0m  SELECT "schema_migrations"."version" FROM "schema_migrations" 
Connecting to database specified by database.yml
